Flutter crash report.
Please report a bug at https://github.com/flutter/flutter/issues.

## command

flutter run

## exception

StdinException: StdinException: Error setting terminal echo mode, OS Error: Descripteur non valide
, errno = 6

```
#0      Stdin.echoMode= (dart:io-patch/stdio_patch.dart:85:7)
#1      AnsiTerminal.singleCharMode= (package:flutter_tools/src/base/terminal.dart:309:13)
#2      TerminalHandler.setupTerminal (package:flutter_tools/src/resident_runner.dart:1668:15)
#3      RunCommand.runCommand.<anonymous closure> (package:flutter_tools/src/commands/run.dart:745:15)
#4      _rootRunUnary (dart:async/zone.dart:1407:47)
<asynchronous suspension>
```

## flutter doctor

```
[32m[✓][39m Flutter (Channel stable, 3.10.5, on Microsoft Windows [version 10.0.19045.3086], locale fr-FR)
    [32m•[39m Flutter version 3.10.5 on channel stable at C:\Flutter\flutter
    [32m•[39m Upstream repository https://github.com/flutter/flutter.git
    [32m•[39m Framework revision 796c8ef792 (11 days ago), 2023-06-13 15:51:02 -0700
    [32m•[39m Engine revision 45f6e00911
    [32m•[39m Dart version 3.0.5
    [32m•[39m DevTools version 2.23.1

[32m[✓][39m Windows Version (Installed version of Windows is version 10 or higher)

[32m[✓][39m Android toolchain - develop for Android devices (Android SDK version 34.0.0)
    [32m•[39m Android SDK at C:\Users\LENOVO\AppData\Local\Android\sdk
    [32m•[39m Platform android-34, build-tools 34.0.0
    [32m•[39m Java binary at: C:\Program Files\Android\Android Studio1\jbr\bin\java
    [32m•[39m Java version OpenJDK Runtime Environment (build 17.0.6+0-b2043.56-9586694)
    [32m•[39m All Android licenses accepted.

[32m[✓][39m Chrome - develop for the web
    [32m•[39m Chrome at C:\Program Files\Google\Chrome\Application\chrome.exe

[32m[✓][39m Visual Studio - develop for Windows (Visual Studio Community 2022 17.4.4)
    [32m•[39m Visual Studio at C:\Program Files\Microsoft Visual Studio\2022\Community
    [32m•[39m Visual Studio Community 2022 version 17.4.33213.308
    [32m•[39m Windows 10 SDK version 10.0.22000.0

[33m[!][39m Android Studio (version 2021.3)
    [32m•[39m Android Studio at C:\Program Files\Android\Android Studio
    [32m•[39m Flutter plugin can be installed from:
      🔨 https://plugins.jetbrains.com/plugin/9212-flutter
    [32m•[39m Dart plugin can be installed from:
      🔨 https://plugins.jetbrains.com/plugin/6351-dart
    [31m✗[39m Unable to determine bundled Java version.
    [32m•[39m Try updating or re-installing Android Studio.

[32m[✓][39m Android Studio (version 2022.2)
    [32m•[39m Android Studio at C:\Program Files\Android\Android Studio1
    [32m•[39m Flutter plugin can be installed from:
      🔨 https://plugins.jetbrains.com/plugin/9212-flutter
    [32m•[39m Dart plugin can be installed from:
      🔨 https://plugins.jetbrains.com/plugin/6351-dart
    [32m•[39m Java version OpenJDK Runtime Environment (build 17.0.6+0-b2043.56-9586694)

[32m[✓][39m VS Code (version 1.79.2)
    [32m•[39m VS Code at C:\Users\LENOVO\AppData\Local\Programs\Microsoft VS Code
    [32m•[39m Flutter extension version 3.66.0

[32m[✓][39m Connected device (3 available)
    [32m•[39m Windows (desktop) • windows • windows-x64    • Microsoft Windows [version 10.0.19045.3086]
    [32m•[39m Chrome (web)      • chrome  • web-javascript • Google Chrome 114.0.5735.134
    [32m•[39m Edge (web)        • edge    • web-javascript • Microsoft Edge 114.0.1823.58

[32m[✓][39m Network resources
    [32m•[39m All expected network resources are available.

[33m![39m Doctor found issues in 1 category.
```
